2025-01-27T19:43:43+00:00 INFO ENVIRONMENT: array (
  'WP_User' => 'Guest (non logged-in user)',
  'HTTP_REFERER' => '--',
  'HTTP_USER_AGENT' => '',
  'REQUEST_URI' => '',
  'DOING_AJAX' => false,
  'DOING_CRON' => false,
  'WP_CLI' => true,
)
2025-01-27T19:43:43+00:00 INFO REQUEST GET https://public-api.wordpress.com/wpcom/v2/sites/%s/wcpay/accounts?test_mode=true
2025-01-27T19:43:43+00:00 INFO HEADERS: array (
  'Content-Type' => 'application/json; charset=utf-8',
  'User-Agent' => 'WooCommerce Payments/8.8.0',
)
2025-01-27T19:43:46+00:00 INFO RESPONSE: array (
  'account_id' => 'acct_1QlBc3Fog9eOefPh',
  'email' => '(redacted)',
  'live_publishable_key' => 'pk_live_51ETDmyFuiXB5oUVxaIafkGPnwuNcBxr1pXVhvLJ4BrWuiqfG6SldjatOGLQhuqXnDmgqwRA7tDoSFlbY4wFji7KR0079TvtxNs',
  'test_publishable_key' => 'pk_test_51ETDmyFuiXB5oUVxwSobQMW5Tno1GclIq7ePZWzLeW4q8oa7Zb8hI5VfwI5sNT5nXuKYinLukNvGCXmsQXAoDGHG00MqHqlYHR',
  'is_live' => false,
  'is_test_drive' => true,
  'created' => '2025-01-25 15:49:42',
  'has_pending_requirements' => false,
  'has_future_requirements' => false,
  'has_overdue_requirements' => false,
  'details_submitted' => true,
  'current_deadline' => NULL,
  'status' => 'complete',
  'capabilities' => 
  array (
    'bancontact_payments' => 'active',
    'card_payments' => 'active',
    'eps_payments' => 'active',
    'ideal_payments' => 'active',
    'p24_payments' => 'active',
    'transfers' => 'active',
    'bank_transfer_payments' => 'unrequested',
    'blik_payments' => 'unrequested',
    'cartes_bancaires_payments' => 'unrequested',
    'giropay_payments' => 'unrequested',
    'klarna_payments' => 'unrequested',
    'link_payments' => 'unrequested',
    'mobilepay_payments' => 'unrequested',
    'multibanco_payments' => 'unrequested',
    'revolut_pay_payments' => 'unrequested',
    'sepa_bank_transfer_payments' => 'unrequested',
    'sepa_debit_payments' => 'unrequested',
    'sofort_payments' => 'unrequested',
    'twint_payments' => 'unrequested',
    'us_bank_account_ach_payments' => 'unrequested',
    'us_bank_transfer_payments' => 'unrequested',
  ),
  'capability_requirements' => 
  array (
    'bancontact_payments' => 
    array (
    ),
    'bank_transfer_payments' => 
    array (
    ),
    'blik_payments' => 
    array (
    ),
    'card_payments' => 
    array (
    ),
    'cartes_bancaires_payments' => 
    array (
    ),
    'eps_payments' => 
    array (
    ),
    'giropay_payments' => 
    array (
    ),
    'ideal_payments' => 
    array (
    ),
    'klarna_payments' => 
    array (
    ),
    'link_payments' => 
    array (
    ),
    'mobilepay_payments' => 
    array (
    ),
    'multibanco_payments' => 
    array (
    ),
    'p24_payments' => 
    array (
    ),
    'revolut_pay_payments' => 
    array (
    ),
    'sepa_bank_transfer_payments' => 
    array (
    ),
    'sepa_debit_payments' => 
    array (
    ),
    'sofort_payments' => 
    array (
    ),
    'transfers' => 
    array (
    ),
    'twint_payments' => 
    array (
    ),
    'us_bank_account_ach_payments' => 
    array (
    ),
    'us_bank_transfer_payments' => 
    array (
    ),
  ),
  'payments_enabled' => true,
  'deposits' => 
  array (
    'status' => 'enabled',
    'restrictions' => 'deposits_unrestricted',
    'interval' => 'daily',
    'weekly_anchor' => '',
    'monthly_anchor' => NULL,
    'delay_days' => 7,
    'completed_waiting_period' => false,
    'minimum_manual_deposit_amounts' => 
    array (
      'aud' => 500,
      'bgn' => 100,
      'cad' => 500,
      'chf' => 500,
      'czk' => 3000,
      'dkk' => 5000,
      'eur' => 500,
      'gbp' => 500,
      'hkd' => 5000,
      'huf' => 36000,
      'nok' => 5000,
      'nzd' => 500,
      'jpy' => 50,
      'sek' => 5000,
      'sgd' => 500,
      'usd' => 500,
      'ron' => 500,
      'pln' => 500,
      'aed' => 200,
    ),
    'minimum_scheduled_deposit_amounts' => 
    array (
      'aed' => 200,
      'aud' => 0,
      'bgn' => 100,
      'cad' => 0,
      'chf' => 500,
      'czk' => 3000,
      'dkk' => 2000,
      'eur' => 100,
      'gbp' => 100,
      'hkd' => 0,
      'huf' => 36000,
      'jpy' => 1,
      'nok' => 2000,
      'nzd' => 0,
      'pln' => 500,
      'ron' => 500,
      'sek' => 2000,
      'sgd' => 100,
      'usd' => 0,
    ),
  ),
  'lifetime_total_payment_volume' => 0,
  'requirements' => 
  array (
    'errors' => 
    array (
    ),
  ),
  'statement_descriptor' => 'THRIFTNEST',
  'statement_descriptor_kanji' => '',
  'statement_descriptor_kana' => '',
  'latest_tos_agreement' => 
  array (
    'date' => '2025-01-25 15:49:43',
    'source' => 'signup',
    'is_current_version' => true,
  ),
  'fees' => 
  array (
    'base' => 
    array (
      'percentage_rate' => 0.014,
      'fixed_rate' => 100,
      'currency' => 'ron',
    ),
    'discount' => 
    array (
    ),
    'card' => 
    array (
      'base' => 
      array (
        'percentage_rate' => 0.014,
        'fixed_rate' => 100,
        'currency' => 'ron',
      ),
      'additional' => 
      array (
        'percentage_rate' => 0.02,
        'fixed_rate' => 0,
        'currency' => 'ron',
      ),
      'fx' => 
      array (
        'percentage_rate' => 0.02,
        'fixed_rate' => 0,
        'currency' => 'ron',
      ),
      'discount' => 
      array (
      ),
    ),
    'bancontact' => 
    array (
      'base' => 
      array (
        'percentage_rate' => 0.014,
        'fixed_rate' => 100,
        'currency' => 'ron',
      ),
      'additional' => 
      array (
        'percentage_rate' => 0,
        'fixed_rate' => 0,
        'currency' => 'ron',
      ),
      'fx' => 
      array (
        'percentage_rate' => 0,
        'fixed_rate' => 0,
        'currency' => 'ron',
      ),
      'discount' => 
      array (
      ),
    ),
    'eps' => 
    array (
      'base' => 
      array (
        'percentage_rate' => 0.018,
        'fixed_rate' => 100,
        'currency' => 'ron',
      ),
      'additional' => 
      array (
        'percentage_rate' => 0,
        'fixed_rate' => 0,
        'currency' => 'ron',
      ),
      'fx' => 
      array (
        'percentage_rate' => 0,
        'fixed_rate' => 0,
        'currency' => 'ron',
      ),
      'discount' => 
      array (
      ),
    ),
    'ideal' => 
    array (
      'base' => 
      array (
        'percentage_rate' => 0,
        'fixed_rate' => 150,
        'currency' => 'ron',
      ),
      'additional' => 
      array (
        'percentage_rate' => 0,
        'fixed_rate' => 0,
        'currency' => 'ron',
      ),
      'fx' => 
      array (
        'percentage_rate' => 0,
        'fixed_rate' => 0,
        'currency' => 'ron',
      ),
      'discount' => 
      array (
      ),
    ),
    'p24' => 
    array (
      'base' => 
      array (
        'percentage_rate' => 0.022,
        'fixed_rate' => 100,
        'currency' => 'ron',
      ),
      'additional' => 
      array (
        'percentage_rate' => 0,
        'fixed_rate' => 0,
        'currency' => 'ron',
      ),
      'fx' => 
      array (
        'percentage_rate' => 0,
        'fixed_rate' => 0,
        'currency' => 'ron',
      ),
      'discount' => 
      array (
      ),
    ),
  ),
  'capital' => 
  array (
    'has_active_loan' => false,
    'has_previous_loans' => false,
    'loans' => 
    array (
    ),
  ),
  'fraud_services' => 
  array (
    'stripe' => 
    array (
    ),
    'sift' => 
    array (
      'beacon_key' => 'affbdadb36',
      'sandbox_beacon_key' => '6ad0ad748b',
    ),
  ),
  'store_currencies' => 
  array (
    'default' => 'ron',
    'supported' => 
    array (
      0 => 'ron',
    ),
  ),
  'customer_currencies' => 
  array (
    'supported' => 
    array (
      0 => 'usd',
      1 => 'aed',
      2 => 'afn',
      3 => 'all',
      4 => 'amd',
      5 => 'ang',
      6 => 'aoa',
      7 => 'ars',
      8 => 'aud',
      9 => 'awg',
      10 => 'azn',
      11 => 'bam',
      12 => 'bbd',
      13 => 'bdt',
      14 => 'bgn',
      15 => 'bif',
      16 => 'bmd',
      17 => 'bnd',
      18 => 'bob',
      19 => 'brl',
      20 => 'bsd',
      21 => 'bwp',
      22 => 'byn',
      23 => 'bzd',
      24 => 'cad',
      25 => 'cdf',
      26 => 'chf',
      27 => 'clp',
      28 => 'cny',
      29 => 'cop',
      30 => 'crc',
      31 => 'cve',
      32 => 'czk',
      33 => 'djf',
      34 => 'dkk',
      35 => 'dop',
      36 => 'dzd',
      37 => 'egp',
      38 => 'etb',
      39 => 'eur',
      40 => 'fjd',
      41 => 'fkp',
      42 => 'gbp',
      43 => 'gel',
      44 => 'gip',
      45 => 'gmd',
      46 => 'gnf',
      47 => 'gtq',
      48 => 'gyd',
      49 => 'hkd',
      50 => 'hnl',
      51 => 'htg',
      52 => 'huf',
      53 => 'idr',
      54 => 'ils',
      55 => 'inr',
      56 => 'isk',
      57 => 'jmd',
      58 => 'jpy',
      59 => 'kes',
      60 => 'kgs',
      61 => 'khr',
      62 => 'kmf',
      63 => 'krw',
      64 => 'kyd',
      65 => 'kzt',
      66 => 'lak',
      67 => 'lbp',
      68 => 'lkr',
      69 => 'lrd',
      70 => 'lsl',
      71 => 'mad',
      72 => 'mdl',
      73 => 'mga',
      74 => 'mkd',
      75 => 'mmk',
      76 => 'mnt',
      77 => 'mop',
      78 => 'mur',
      79 => 'mvr',
      80 => 'mwk',
      81 => 'mxn',
      82 => 'myr',
      83 => 'mzn',
      84 => 'nad',
      85 => 'ngn',
      86 => 'nio',
      87 => 'nok',
      88 => 'npr',
      89 => 'nzd',
      90 => 'pab',
      91 => 'pen',
      92 => 'pgk',
      93 => 'php',
      94 => 'pkr',
      95 => 'pln',
      96 => 'pyg',
      97 => 'qar',
      98 => 'ron',
      99 => 'rsd',
      100 => 'rub',
      101 => 'rwf',
      102 => 'sar',
      103 => 'sbd',
      104 => 'scr',
      105 => 'sek',
      106 => 'sgd',
      107 => 'shp',
      108 => 'sle',
      109 => 'sos',
      110 => 'srd',
      111 => 'std',
      112 => 'szl',
      113 => 'thb',
      114 => 'tjs',
      115 => 'top',
      116 => 'try',
      117 => 'ttd',
      118 => 'twd',
      119 => 'tzs',
      120 => 'uah',
      121 => 'ugx',
      122 => 'uyu',
      123 => 'uzs',
      124 => 'vnd',
      125 => 'vuv',
      126 => 'wst',
      127 => 'xaf',
      128 => 'xcd',
      129 => 'xof',
      130 => 'xpf',
      131 => 'yer',
      132 => 'zar',
      133 => 'zmw',
    ),
  ),
  'country' => '(redacted)',
  'instant_deposits_eligible' => false,
  'card_present_eligible' => false,
  'has_card_readers_available' => false,
  'platform_checkout_eligible' => false,
  'platform_direct_checkout_eligible' => false,
  'platform_global_theme_support_enabled' => false,
  'business_profile' => 
  array (
    'name' => '(redacted)',
    'url' => 'https://dev-thriftingnest.pantheonsite.io',
    'support_address' => 
    array (
    ),
    'support_email' => 'plenty.helpful@example.com',
    'support_phone' => '+10000000000',
  ),
  'branding' => 
  array (
    'icon' => NULL,
    'logo' => NULL,
    'primary_color' => NULL,
    'secondary_color' => NULL,
  ),
  'locale' => 'en_US',
  'has_more_failed_events' => false,
  'has_submitted_vat_data' => false,
  'is_documents_enabled' => true,
  'card_testing_protection_eligible' => false,
  'progressive_onboarding' => 
  array (
    'is_enabled' => false,
    'is_complete' => false,
    'tpv' => NULL,
    'first_transaction_date' => NULL,
    'kyc_deadline_date' => NULL,
  ),
  'fraud_mitigation_settings' => 
  array (
    'avs_check_enabled' => false,
    'cvc_check_enabled' => true,
  ),
  'is_deferred_intent_creation_upe_enabled' => true,
  'pre_check_save_my_info' => false,
)
2025-01-27T19:43:47+00:00 INFO ENVIRONMENT: array (
  'WP_User' => 'Guest (non logged-in user)',
  'HTTP_REFERER' => '--',
  'HTTP_USER_AGENT' => '',
  'REQUEST_URI' => '',
  'DOING_AJAX' => false,
  'DOING_CRON' => false,
  'WP_CLI' => true,
)
2025-01-27T19:43:47+00:00 INFO REQUEST GET https://public-api.wordpress.com/wpcom/v2/sites/%s/wcpay/currency/rates?test_mode=1&currency_from=ron
2025-01-27T19:43:47+00:00 INFO HEADERS: array (
  'Content-Type' => 'application/json; charset=utf-8',
  'User-Agent' => 'WooCommerce Payments/8.8.0',
)
2025-01-27T19:43:48+00:00 INFO RESPONSE: array (
  'AED' => 0.774427,
  'AFN' => 15.918869,
  'ALL' => 19.808974,
  'AMD' => 84.490838,
  'ANG' => 0.380009,
  'AOA' => 192.291474,
  'ARS' => 221.331284,
  'AUD' => 0.335914,
  'AWG' => 0.379523,
  'AZN' => 0.358438,
  'BAM' => 0.392265,
  'BBD' => 0.421692,
  'BDT' => 25.714438,
  'BGN' => 0.392522,
  'BHD' => 0.079463,
  'BIF' => 614.615842,
  'BMD' => 0.210846,
  'BND' => 0.283315,
  'BOB' => 1.462305,
  'BRL' => 1.246099,
  'BSD' => 0.210846,
  'BTC' => 2.0E-6,
  'BTN' => 18.186743,
  'BWP' => 2.926616,
  'BYN' => 0.69004,
  'BZD' => 0.423549,
  'CAD' => 0.303586,
  'CDF' => 599.856628,
  'CHF' => 0.189992,
  'CLF' => 0.007547,
  'CLP' => 208.254618,
  'CNH' => 1.528397,
  'CNY' => 1.528896,
  'COP' => 882.444441,
  'CRC' => 106.579771,
  'CUC' => 0.210846,
  'CUP' => 5.429282,
  'CVE' => 22.191533,
  'CZK' => 5.041536,
  'DJF' => 37.42515,
  'DKK' => 1.500063,
  'DOP' => 12.998651,
  'DZD' => 28.393152,
  'EGP' => 10.594269,
  'ERN' => 3.162689,
  'ETB' => 26.608754,
  'EUR' => 0.20102,
  'FJD' => 0.486843,
  'FKP' => 0.169017,
  'GBP' => 0.169017,
  'GEL' => 0.605128,
  'GGP' => 0.169017,
  'GHS' => 3.209075,
  'GIP' => 0.169017,
  'GMD' => 15.180908,
  'GNF' => 1824.871392,
  'GTQ' => 1.631195,
  'GYD' => 44.102444,
  'HKD' => 1.642262,
  'HNL' => 5.397655,
  'HRK' => 1.514317,
  'HTG' => 27.559493,
  'HUF' => 82.138089,
  'IDR' => 3412.891115,
  'ILS' => 0.760142,
  'IMP' => 0.169017,
  'INR' => 18.220502,
  'IQD' => 276.208148,
  'IRR' => 8873.977438,
  'ISK' => 29.40668,
  'JEP' => 0.169017,
  'JMD' => 33.191493,
  'JOD' => 0.149574,
  'JPY' => 32.53247,
  'KES' => 27.199123,
  'KGS' => 18.438475,
  'KHR' => 847.811423,
  'KMF' => 98.739139,
  'KPW' => 189.761323,
  'KRW' => 302.483495,
  'KWD' => 0.064959,
  'KYD' => 0.175713,
  'KZT' => 108.944448,
  'LAK' => 4594.332483,
  'LBP' => 18891.793963,
  'LKR' => 62.940993,
  'LRD' => 41.14131,
  'LSL' => 3.875348,
  'LYD' => 1.036308,
  'MAD' => 2.102977,
  'MDL' => 3.890165,
  'MGA' => 990.975799,
  'MKD' => 12.361984,
  'MMK' => 442.354729,
  'MNT' => 716.454418,
  'MOP' => 1.69134,
  'MUR' => 9.762165,
  'MVR' => 3.249136,
  'MWK' => 366.239354,
  'MXN' => 4.365736,
  'MYR' => 0.922978,
  'MZN' => 13.475161,
  'NAD' => 3.875348,
  'NGN' => 328.497935,
  'NIO' => 7.748587,
  'NOK' => 2.371658,
  'NPR' => 29.098829,
  'NZD' => 0.371104,
  'OMR' => 0.081168,
  'PAB' => 0.210846,
  'PEN' => 0.784452,
  'PGK' => 0.84059,
  'PHP' => 12.308869,
  'PKR' => 58.720587,
  'PLN' => 0.846951,
  'PYG' => 1669.094092,
  'QAR' => 0.76769,
  'RON' => 1,
  'RSD' => 23.540103,
  'RUB' => 20.531415,
  'RWF' => 293.286667,
  'SAR' => 0.790903,
  'SBD' => 1.779417,
  'SCR' => 3.019279,
  'SDG' => 126.718395,
  'SEK' => 2.308042,
  'SGD' => 0.283582,
  'SHP' => 0.169017,
  'SLL' => 4421.33341,
  'SOS' => 120.49844,
  'SRD' => 7.401746,
  'SSP' => 27.464789,
  'STD' => 4698.026504,
  'SVC' => 1.844997,
  'SYP' => 2741.418584,
  'SZL' => 3.875348,
  'THB' => 7.124589,
  'TJS' => 2.301306,
  'TMT' => 0.740069,
  'TND' => 0.671017,
  'TOP' => 0.511308,
  'TRY' => 7.535464,
  'TTD' => 1.433832,
  'TWD' => 6.933005,
  'TZS' => 536.602853,
  'UAH' => 8.853827,
  'UGX' => 777.990778,
  'USD' => 0.210846,
  'UYU' => 9.120877,
  'UZS' => 2735.725744,
  'VND' => 5288.015542,
  'VUV' => 25.032049,
  'WST' => 0.590369,
  'XAF' => 131.860512,
  'XAG' => 0.007029,
  'XAU' => 7.7E-5,
  'XCD' => 0.569822,
  'XDR' => 0.161193,
  'XOF' => 131.860512,
  'XPD' => 0.000217,
  'XPF' => 23.988073,
  'XPT' => 0.000222,
  'YER' => 52.511149,
  'ZAR' => 3.955512,
  'ZMW' => 5.8775,
  'ZWL' => 67.892385,
)
2025-01-27T19:45:43+00:00 INFO ENVIRONMENT: array (
  'WP_User' => 'thriftnest2025',
  'HTTP_REFERER' => 'https://dev-thriftingnest.pantheonsite.io/wp-login.php',
  'HTTP_USER_AGENT' => 'Mozilla/5.0 (Windows NT 10.0; Win64; x64) AppleWebKit/537.36 (KHTML, like Gecko) Chrome/132.0.0.0 Safari/537.36',
  'REQUEST_URI' => '/wp-admin/?nocache=1738007063468',
  'DOING_AJAX' => false,
  'DOING_CRON' => false,
  'WP_CLI' => false,
)
2025-01-27T19:45:43+00:00 INFO REQUEST GET https://public-api.wordpress.com/wpcom/v2/sites/%s/wcpay/disputes/status_counts?test_mode=1
2025-01-27T19:45:43+00:00 INFO HEADERS: array (
  'Content-Type' => 'application/json; charset=utf-8',
  'User-Agent' => 'WooCommerce Payments/8.8.0',
)
2025-01-27T19:45:43+00:00 INFO RESPONSE: array (
)
2025-01-27T19:46:05+00:00 INFO ENVIRONMENT: array (
  'WP_User' => 'thriftnest2025',
  'HTTP_REFERER' => 'https://dev-thriftingnest.pantheonsite.io/wp-admin/edit.php?post_type=page',
  'HTTP_USER_AGENT' => 'Mozilla/5.0 (Windows NT 10.0; Win64; x64) AppleWebKit/537.36 (KHTML, like Gecko) Chrome/132.0.0.0 Safari/537.36',
  'REQUEST_URI' => '/wp-admin/post.php?post=106&action=edit',
  'DOING_AJAX' => false,
  'DOING_CRON' => false,
  'WP_CLI' => false,
)
2025-01-27T19:46:05+00:00 INFO REQUEST GET https://public-api.wordpress.com/wpcom/v2/sites/%s/wcpay/disputes?test_mode=1&pagesize=50&search%5B0%5D=warning_needs_response&search%5B1%5D=needs_response
2025-01-27T19:46:05+00:00 INFO HEADERS: array (
  'Content-Type' => 'application/json; charset=utf-8',
  'User-Agent' => 'WooCommerce Payments/8.8.0',
)
2025-01-27T19:46:05+00:00 INFO RESPONSE: array (
  'data' => 
  array (
  ),
)
2025-01-27T19:46:34+00:00 INFO ENVIRONMENT: array (
  'WP_User' => 'thriftnest2025',
  'HTTP_REFERER' => '--',
  'HTTP_USER_AGENT' => 'WordPress/6.7.1; https://dev-thriftingnest.pantheonsite.io',
  'REQUEST_URI' => '/wp-admin/admin-ajax.php?action=as_async_request_queue_runner&nonce=6ea64a5a5d',
  'DOING_AJAX' => true,
  'DOING_CRON' => false,
  'WP_CLI' => false,
)
2025-01-27T19:46:34+00:00 INFO REQUEST POST https://public-api.wordpress.com/wpcom/v2/sites/%s/wcpay/compatibility
2025-01-27T19:46:34+00:00 INFO HEADERS: array (
  'Content-Type' => 'application/json; charset=utf-8',
  'User-Agent' => 'WooCommerce Payments/8.8.0',
  'Idempotency-Key' => '44750d3e-3ff4-4064-9fad-ad797a089c25',
)
2025-01-27T19:46:34+00:00 INFO BODY: array (
  'test_mode' => true,
  'compatibility_data' => 
  array (
    'woopayments_version' => '8.8.0',
    'woocommerce_version' => '9.6.0',
    'woocommerce_permalinks' => 
    array (
      'product_base' => 'product',
      'category_base' => 'product-category',
      'tag_base' => 'product-tag',
      'attribute_base' => '',
      'use_verbose_page_rules' => false,
    ),
    'woocommerce_shop' => 'https://dev-thriftingnest.pantheonsite.io/shop/',
    'woocommerce_cart' => 'https://dev-thriftingnest.pantheonsite.io/cart/',
    'woocommerce_checkout' => 'https://dev-thriftingnest.pantheonsite.io/checkout/',
    'blog_theme' => 'twentytwentyfour',
    'active_plugins' => 
    array (
      0 => 'bargain/wpbot-minimum-acceptable-price-addon.php',
      1 => 'elementor/elementor.php',
      2 => 'forminator/forminator.php',
      3 => 'google-listings-and-ads/google-listings-and-ads.php',
      4 => 'jetpack/jetpack.php',
      5 => 'kliken-ads-pixel-for-meta/kliken-ads-pixel-for-meta.php',
      6 => 'mailpoet/mailpoet.php',
      7 => 'price-offerings-for-woocommerce/price-offerings-for-woocommerce.php',
      8 => 'tiktok-for-business/tiktok-for-woocommerce.php',
      9 => 'wc-vendors/class-wc-vendors.php',
      10 => 'wish-list-for-woocommerce/wish-list-for-woocommerce.php',
      12 => 'woocommerce-payments/woocommerce-payments.php',
      13 => 'woocommerce/woocommerce.php',
      14 => 'woowbot-woocommerce-chatbot/qcld-woowbot.php',
    ),
    'post_types_count' => 
    array (
      'post' => 1,
      'page' => 8,
      'attachment' => 0,
      'e-floating-buttons' => 0,
      'elementor_library' => 1,
      'product' => 2,
      'mailpoet_page' => 2,
    ),
  ),
)
2025-01-27T19:46:34+00:00 INFO RESPONSE: array (
  'result' => 'success',
)
2025-01-27T20:31:40+00:00 INFO ENVIRONMENT: array (
  'WP_User' => 'Guest (non logged-in user)',
  'HTTP_REFERER' => '--',
  'HTTP_USER_AGENT' => '',
  'REQUEST_URI' => '',
  'DOING_AJAX' => false,
  'DOING_CRON' => true,
  'WP_CLI' => true,
)
2025-01-27T20:31:40+00:00 INFO REQUEST GET https://public-api.wordpress.com/wpcom/v2/wcpay/woopay/compatibility?test_mode=1
2025-01-27T20:31:40+00:00 INFO HEADERS: array (
  'Content-Type' => 'application/json; charset=utf-8',
  'User-Agent' => 'WooCommerce Payments/8.8.0',
)
2025-01-27T20:31:40+00:00 INFO RESPONSE: array (
  'incompatible_extensions' => 
  array (
    0 => 'class-wcdonation',
    1 => 'woocommerce-table-rate-shipping',
    2 => 'woocommerce-memberships-for-teams',
    3 => 'woocommerce-checkout-add-ons',
    4 => 'woocommerce-checkout-field-editor',
    5 => 'woocommerce-eu-vat-number',
    6 => 'woocommerce-order-delivery',
    7 => 'woocommerce-pdf-product-vouchers',
    8 => 'woocommerce-shipping-local-pickup-plus',
    9 => 'woocommerce-shipping-multiple-addresses',
    10 => 'woocommerce-smart-coupons',
    11 => 'woocommerce-subscriptions-gifting',
    12 => 'advanced-product-fields-for-woocommerce',
  ),
  'adapted_extensions' => 
  array (
    0 => 'woocommerce-points-and-rewards',
    1 => 'woocommerce-gift-cards',
  ),
  'available_countries' => 
  array (
    0 => 'US',
  ),
)
